Start testing: Mar 29 21:20 UTC
----------------------------------------------------------
1/16 Testing: Config: defaults without a file
1/16 Test: Config: defaults without a file
Command: "/home/runner/work/Bitcoin-2.0max/Bitcoin-2.0max/build/tests/bitcoin2max_tests" "Config: defaults without a file"
Directory: /home/runner/work/Bitcoin-2.0max/Bitcoin-2.0max/build/tests
"Config: defaults without a file" start time: Mar 29 21:20 UTC
Output:
----------------------------------------------------------
Filters: "Config: defaults without a file"
Randomness seeded to: 765621965
===============================================================================
All tests passed (7 assertions in 1 test case)

<end of output>
Test time =   0.00 sec
----------------------------------------------------------
Test Passed.
"Config: defaults without a file" end time: Mar 29 21:20 UTC
"Config: defaults without a file" time elapsed: 00:00:00
----------------------------------------------------------

2/16 Testing: Config: missing file returns defaults
2/16 Test: Config: missing file returns defaults
Command: "/home/runner/work/Bitcoin-2.0max/Bitcoin-2.0max/build/tests/bitcoin2max_tests" "Config: missing file returns defaults"
Directory: /home/runner/work/Bitcoin-2.0max/Bitcoin-2.0max/build/tests
"Config: missing file returns defaults" start time: Mar 29 21:20 UTC
Output:
----------------------------------------------------------
Filters: "Config: missing file returns defaults"
Randomness seeded to: 3214726988
===============================================================================
All tests passed (2 assertions in 1 test case)

<end of output>
Test time =   0.00 sec
----------------------------------------------------------
Test Passed.
"Config: missing file returns defaults" end time: Mar 29 21:20 UTC
"Config: missing file returns defaults" time elapsed: 00:00:00
----------------------------------------------------------

3/16 Testing: Config: values are loaded from file
3/16 Test: Config: values are loaded from file
Command: "/home/runner/work/Bitcoin-2.0max/Bitcoin-2.0max/build/tests/bitcoin2max_tests" "Config: values are loaded from file"
Directory: /home/runner/work/Bitcoin-2.0max/Bitcoin-2.0max/build/tests
"Config: values are loaded from file" start time: Mar 29 21:20 UTC
Output:
----------------------------------------------------------
Filters: "Config: values are loaded from file"
Randomness seeded to: 1990915592
===============================================================================
All tests passed (8 assertions in 1 test case)

<end of output>
Test time =   0.00 sec
----------------------------------------------------------
Test Passed.
"Config: values are loaded from file" end time: Mar 29 21:20 UTC
"Config: values are loaded from file" time elapsed: 00:00:00
----------------------------------------------------------

4/16 Testing: Config: comments and blank lines are ignored
4/16 Test: Config: comments and blank lines are ignored
Command: "/home/runner/work/Bitcoin-2.0max/Bitcoin-2.0max/build/tests/bitcoin2max_tests" "Config: comments and blank lines are ignored"
Directory: /home/runner/work/Bitcoin-2.0max/Bitcoin-2.0max/build/tests
"Config: comments and blank lines are ignored" start time: Mar 29 21:20 UTC
Output:
----------------------------------------------------------
Filters: "Config: comments and blank lines are ignored"
Randomness seeded to: 1284027162
===============================================================================
All tests passed (1 assertion in 1 test case)

<end of output>
Test time =   0.00 sec
----------------------------------------------------------
Test Passed.
"Config: comments and blank lines are ignored" end time: Mar 29 21:20 UTC
"Config: comments and blank lines are ignored" time elapsed: 00:00:00
----------------------------------------------------------

5/16 Testing: Consensus: supercharged block time is 60 seconds
5/16 Test: Consensus: supercharged block time is 60 seconds
Command: "/home/runner/work/Bitcoin-2.0max/Bitcoin-2.0max/build/tests/bitcoin2max_tests" "Consensus: supercharged block time is 60 seconds"
Directory: /home/runner/work/Bitcoin-2.0max/Bitcoin-2.0max/build/tests
"Consensus: supercharged block time is 60 seconds" start time: Mar 29 21:20 UTC
Output:
----------------------------------------------------------
Filters: "Consensus: supercharged block time is 60 seconds"
Randomness seeded to: 2804680555
===============================================================================
All tests passed (2 assertions in 1 test case)

<end of output>
Test time =   0.00 sec
----------------------------------------------------------
Test Passed.
"Consensus: supercharged block time is 60 seconds" end time: Mar 29 21:20 UTC
"Consensus: supercharged block time is 60 seconds" time elapsed: 00:00:00
----------------------------------------------------------

6/16 Testing: Consensus: max block size is 32 MiB
6/16 Test: Consensus: max block size is 32 MiB
Command: "/home/runner/work/Bitcoin-2.0max/Bitcoin-2.0max/build/tests/bitcoin2max_tests" "Consensus: max block size is 32 MiB"
Directory: /home/runner/work/Bitcoin-2.0max/Bitcoin-2.0max/build/tests
"Consensus: max block size is 32 MiB" start time: Mar 29 21:20 UTC
Output:
----------------------------------------------------------
Filters: "Consensus: max block size is 32 MiB"
Randomness seeded to: 1292925621
===============================================================================
All tests passed (2 assertions in 1 test case)

<end of output>
Test time =   0.00 sec
----------------------------------------------------------
Test Passed.
"Consensus: max block size is 32 MiB" end time: Mar 29 21:20 UTC
"Consensus: max block size is 32 MiB" time elapsed: 00:00:00
----------------------------------------------------------

7/16 Testing: Electrum: default host and port match spec
7/16 Test: Electrum: default host and port match spec
Command: "/home/runner/work/Bitcoin-2.0max/Bitcoin-2.0max/build/tests/bitcoin2max_tests" "Electrum: default host and port match spec"
Directory: /home/runner/work/Bitcoin-2.0max/Bitcoin-2.0max/build/tests
"Electrum: default host and port match spec" start time: Mar 29 21:20 UTC
Output:
----------------------------------------------------------
Filters: "Electrum: default host and port match spec"
Randomness seeded to: 1476283457
===============================================================================
All tests passed (2 assertions in 1 test case)

<end of output>
Test time =   0.00 sec
----------------------------------------------------------
Test Passed.
"Electrum: default host and port match spec" end time: Mar 29 21:20 UTC
"Electrum: default host and port match spec" time elapsed: 00:00:00
----------------------------------------------------------

8/16 Testing: Network: default P2P port is 8333
8/16 Test: Network: default P2P port is 8333
Command: "/home/runner/work/Bitcoin-2.0max/Bitcoin-2.0max/build/tests/bitcoin2max_tests" "Network: default P2P port is 8333"
Directory: /home/runner/work/Bitcoin-2.0max/Bitcoin-2.0max/build/tests
"Network: default P2P port is 8333" start time: Mar 29 21:20 UTC
Output:
----------------------------------------------------------
Filters: "Network: default P2P port is 8333"
Randomness seeded to: 3394864457
===============================================================================
All tests passed (1 assertion in 1 test case)

<end of output>
Test time =   0.00 sec
----------------------------------------------------------
Test Passed.
"Network: default P2P port is 8333" end time: Mar 29 21:20 UTC
"Network: default P2P port is 8333" time elapsed: 00:00:00
----------------------------------------------------------

9/16 Testing: parseSignature: issue-tracker signature decodes to 65 bytes
9/16 Test: parseSignature: issue-tracker signature decodes to 65 bytes
Command: "/home/runner/work/Bitcoin-2.0max/Bitcoin-2.0max/build/tests/bitcoin2max_tests" "parseSignature: issue-tracker signature decodes to 65 bytes"
Directory: /home/runner/work/Bitcoin-2.0max/Bitcoin-2.0max/build/tests
"parseSignature: issue-tracker signature decodes to 65 bytes" start time: Mar 29 21:20 UTC
Output:
----------------------------------------------------------
Filters: "parseSignature: issue-tracker signature decodes to 65 bytes"
Randomness seeded to: 895223676
===============================================================================
All tests passed (3 assertions in 1 test case)

<end of output>
Test time =   0.00 sec
----------------------------------------------------------
Test Passed.
"parseSignature: issue-tracker signature decodes to 65 bytes" end time: Mar 29 21:20 UTC
"parseSignature: issue-tracker signature decodes to 65 bytes" time elapsed: 00:00:00
----------------------------------------------------------

10/16 Testing: parseSignature: header encodes compressed flag and recovery ID
10/16 Test: parseSignature: header encodes compressed flag and recovery ID
Command: "/home/runner/work/Bitcoin-2.0max/Bitcoin-2.0max/build/tests/bitcoin2max_tests" "parseSignature: header encodes compressed flag and recovery ID"
Directory: /home/runner/work/Bitcoin-2.0max/Bitcoin-2.0max/build/tests
"parseSignature: header encodes compressed flag and recovery ID" start time: Mar 29 21:20 UTC
Output:
----------------------------------------------------------
Filters: "parseSignature: header encodes compressed flag and recovery ID"
Randomness seeded to: 1337169629
===============================================================================
All tests passed (3 assertions in 1 test case)

<end of output>
Test time =   0.00 sec
----------------------------------------------------------
Test Passed.
"parseSignature: header encodes compressed flag and recovery ID" end time: Mar 29 21:20 UTC
"parseSignature: header encodes compressed flag and recovery ID" time elapsed: 00:00:00
----------------------------------------------------------

11/16 Testing: parseSignature: rejects empty string
11/16 Test: parseSignature: rejects empty string
Command: "/home/runner/work/Bitcoin-2.0max/Bitcoin-2.0max/build/tests/bitcoin2max_tests" "parseSignature: rejects empty string"
Directory: /home/runner/work/Bitcoin-2.0max/Bitcoin-2.0max/build/tests
"parseSignature: rejects empty string" start time: Mar 29 21:20 UTC
Output:
----------------------------------------------------------
Filters: "parseSignature: rejects empty string"
Randomness seeded to: 1159284981
===============================================================================
All tests passed (1 assertion in 1 test case)

<end of output>
Test time =   0.00 sec
----------------------------------------------------------
Test Passed.
"parseSignature: rejects empty string" end time: Mar 29 21:20 UTC
"parseSignature: rejects empty string" time elapsed: 00:00:00
----------------------------------------------------------

12/16 Testing: parseSignature: rejects wrong-length input
12/16 Test: parseSignature: rejects wrong-length input
Command: "/home/runner/work/Bitcoin-2.0max/Bitcoin-2.0max/build/tests/bitcoin2max_tests" "parseSignature: rejects wrong-length input"
Directory: /home/runner/work/Bitcoin-2.0max/Bitcoin-2.0max/build/tests
"parseSignature: rejects wrong-length input" start time: Mar 29 21:20 UTC
Output:
----------------------------------------------------------
Filters: "parseSignature: rejects wrong-length input"
Randomness seeded to: 3408368001
===============================================================================
All tests passed (1 assertion in 1 test case)

<end of output>
Test time =   0.00 sec
----------------------------------------------------------
Test Passed.
"parseSignature: rejects wrong-length input" end time: Mar 29 21:20 UTC
"parseSignature: rejects wrong-length input" time elapsed: 00:00:00
----------------------------------------------------------

13/16 Testing: parseSignature: rejects invalid header byte
13/16 Test: parseSignature: rejects invalid header byte
Command: "/home/runner/work/Bitcoin-2.0max/Bitcoin-2.0max/build/tests/bitcoin2max_tests" "parseSignature: rejects invalid header byte"
Directory: /home/runner/work/Bitcoin-2.0max/Bitcoin-2.0max/build/tests
"parseSignature: rejects invalid header byte" start time: Mar 29 21:20 UTC
Output:
----------------------------------------------------------
Filters: "parseSignature: rejects invalid header byte"
Randomness seeded to: 2181044067
===============================================================================
All tests passed (1 assertion in 1 test case)

<end of output>
Test time =   0.00 sec
----------------------------------------------------------
Test Passed.
"parseSignature: rejects invalid header byte" end time: Mar 29 21:20 UTC
"parseSignature: rejects invalid header byte" time elapsed: 00:00:00
----------------------------------------------------------

14/16 Testing: validateMessageSignature: round-trip with deterministic key
14/16 Test: validateMessageSignature: round-trip with deterministic key
Command: "/home/runner/work/Bitcoin-2.0max/Bitcoin-2.0max/build/tests/bitcoin2max_tests" "validateMessageSignature: round-trip with deterministic key"
Directory: /home/runner/work/Bitcoin-2.0max/Bitcoin-2.0max/build/tests
"validateMessageSignature: round-trip with deterministic key" start time: Mar 29 21:20 UTC
Output:
----------------------------------------------------------
Filters: "validateMessageSignature: round-trip with deterministic key"
Randomness seeded to: 1583138450
===============================================================================
All tests passed (2 assertions in 1 test case)

<end of output>
Test time =   0.01 sec
----------------------------------------------------------
Test Passed.
"validateMessageSignature: round-trip with deterministic key" end time: Mar 29 21:20 UTC
"validateMessageSignature: round-trip with deterministic key" time elapsed: 00:00:00
----------------------------------------------------------

15/16 Testing: validateMessageSignature: wrong address returns false
15/16 Test: validateMessageSignature: wrong address returns false
Command: "/home/runner/work/Bitcoin-2.0max/Bitcoin-2.0max/build/tests/bitcoin2max_tests" "validateMessageSignature: wrong address returns false"
Directory: /home/runner/work/Bitcoin-2.0max/Bitcoin-2.0max/build/tests
"validateMessageSignature: wrong address returns false" start time: Mar 29 21:20 UTC
Output:
----------------------------------------------------------
Filters: "validateMessageSignature: wrong address returns false"
Randomness seeded to: 1331210283
===============================================================================
All tests passed (2 assertions in 1 test case)

<end of output>
Test time =   0.01 sec
----------------------------------------------------------
Test Passed.
"validateMessageSignature: wrong address returns false" end time: Mar 29 21:20 UTC
"validateMessageSignature: wrong address returns false" time elapsed: 00:00:00
----------------------------------------------------------

16/16 Testing: validateMessageSignature: wrong message returns false
16/16 Test: validateMessageSignature: wrong message returns false
Command: "/home/runner/work/Bitcoin-2.0max/Bitcoin-2.0max/build/tests/bitcoin2max_tests" "validateMessageSignature: wrong message returns false"
Directory: /home/runner/work/Bitcoin-2.0max/Bitcoin-2.0max/build/tests
"validateMessageSignature: wrong message returns false" start time: Mar 29 21:20 UTC
Output:
----------------------------------------------------------
Filters: "validateMessageSignature: wrong message returns false"
Randomness seeded to: 1751508277
===============================================================================
All tests passed (2 assertions in 1 test case)

<end of output>
Test time =   0.01 sec
----------------------------------------------------------
Test Passed.
"validateMessageSignature: wrong message returns false" end time: Mar 29 21:20 UTC
"validateMessageSignature: wrong message returns false" time elapsed: 00:00:00
----------------------------------------------------------

End testing: Mar 29 21:20 UTC
